<?xml version="1.0" encoding="UTF-8"?>
<!-- Generated by org.testng.reporters.JUnitReportReporter -->
<testsuite hostname="HarwinderSingh" name="TestNG.CopyOfCopyOfAnnotations" tests="3" failures="0" timestamp="25 Aug 2015 02:17:25 GMT" time="0.000" errors="0">
  <testcase name="printMe" time="0.000" classname="TestNG.CopyOfCopyOfAnnotations"/>
  <testcase name="flight" time="0.000" classname="TestNG.CopyOfCopyOfAnnotations"/>
  <testcase name="iAmAwesome" time="0.000" classname="TestNG.CopyOfCopyOfAnnotations"/>
</testsuite> <!-- TestNG.CopyOfCopyOfAnnotations -->
