<?xml version="1.0" encoding="UTF-8"?>
<!-- Generated by org.testng.reporters.JUnitReportReporter -->
<testsuite hostname="HarwinderSingh" name="TestNG.Annotations" tests="4" failures="0" timestamp="26 Aug 2015 00:30:34 GMT" time="0.006" errors="0">
  <testcase name="iAmAwesome" time="0.001" classname="TestNG.Annotations"/>
  <testcase name="flight" time="0.000" classname="TestNG.Annotations"/>
  <testcase name="printMe" time="0.000" classname="TestNG.Annotations"/>
  <testcase name="dataDriven" time="0.005" classname="TestNG.Annotations"/>
</testsuite> <!-- TestNG.Annotations -->
