<?xml version="1.0" encoding="UTF-8"?>
<!-- Generated by org.testng.reporters.JUnitReportReporter -->
<testsuite hostname="HarwinderSingh" name="TestNG.ParameterizedTest" tests="3" failures="0" timestamp="25 Aug 2015 02:17:25 GMT" time="0.000" errors="0">
  <testcase name="userLogin" time="0.000" classname="TestNG.ParameterizedTest"/>
  <testcase name="userLogin" time="0.000" classname="TestNG.ParameterizedTest"/>
  <testcase name="userLogin" time="0.000" classname="TestNG.ParameterizedTest"/>
</testsuite> <!-- TestNG.ParameterizedTest -->
